<?xml version="1.0" encoding="UTF-8"?>
<testng-results skipped="0" failed="0" total="1" passed="1">
  <reporter-output>
  </reporter-output>
  <suite name="Default suite" duration-ms="5354" started-at="2013-07-12T03:48:10Z" finished-at="2013-07-12T03:48:15Z">
    <groups>
    </groups>
    <test name="Default test" duration-ms="5354" started-at="2013-07-12T03:48:10Z" finished-at="2013-07-12T03:48:15Z">
      <class name="com.cloudfoundry.tstracker.dao.TestAutowiredBean">
        <test-method status="PASS" signature="springTestContextBeforeTestClass()[pri:0, instance:com.cloudfoundry.tstracker.dao.TestAutowiredBean@39ccc8a1]" name="springTestContextBeforeTestClass" is-config="true" duration-ms="8" started-at="2013-07-11T22:48:10Z" finished-at="2013-07-11T22:48:10Z">
          <reporter-output>
          </reporter-output>
        </test-method> <!-- springTestContextBeforeTestClass -->
        <test-method status="PASS" signature="springTestContextPrepareTestInstance()[pri:0, instance:com.cloudfoundry.tstracker.dao.TestAutowiredBean@39ccc8a1]" name="springTestContextPrepareTestInstance" is-config="true" duration-ms="5311" started-at="2013-07-11T22:48:10Z" depends-on-methods="org.springframework.test.context.testng.AbstractTestNGSpringContextTests.springTestContextBeforeTestClass" finished-at="2013-07-11T22:48:15Z">
          <reporter-output>
          </reporter-output>
        </test-method> <!-- springTestContextPrepareTestInstance -->
        <test-method status="PASS" signature="springTestContextBeforeTestMethod(java.lang.reflect.Method)[pri:0, instance:com.cloudfoundry.tstracker.dao.TestAutowiredBean@39ccc8a1]" name="springTestContextBeforeTestMethod" is-config="true" duration-ms="1" started-at="2013-07-11T22:48:15Z" finished-at="2013-07-11T22:48:15Z">
          <params>
            <param index="0">
              <value>
                <![CDATA[public void com.cloudfoundry.tstracker.dao.TestAutowiredBean.startUp()]]>
              </value>
            </param>
          </params>
          <reporter-output>
          </reporter-output>
        </test-method> <!-- springTestContextBeforeTestMethod -->
        <test-method status="PASS" signature="startUp()[pri:0, instance:com.cloudfoundry.tstracker.dao.TestAutowiredBean@39ccc8a1]" name="startUp" duration-ms="12" started-at="2013-07-11T22:48:15Z" finished-at="2013-07-11T22:48:15Z">
          <reporter-output>
          </reporter-output>
        </test-method> <!-- startUp -->
        <test-method status="PASS" signature="springTestContextAfterTestMethod(java.lang.reflect.Method)[pri:0, instance:com.cloudfoundry.tstracker.dao.TestAutowiredBean@39ccc8a1]" name="springTestContextAfterTestMethod" is-config="true" duration-ms="2" started-at="2013-07-11T22:48:15Z" finished-at="2013-07-11T22:48:15Z">
          <params>
            <param index="0">
              <value>
                <![CDATA[public void com.cloudfoundry.tstracker.dao.TestAutowiredBean.startUp()]]>
              </value>
            </param>
          </params>
          <reporter-output>
          </reporter-output>
        </test-method> <!-- springTestContextAfterTestMethod -->
        <test-method status="PASS" signature="springTestContextAfterTestClass()[pri:0, instance:com.cloudfoundry.tstracker.dao.TestAutowiredBean@39ccc8a1]" name="springTestContextAfterTestClass" is-config="true" duration-ms="0" started-at="2013-07-11T22:48:15Z" finished-at="2013-07-11T22:48:15Z">
          <reporter-output>
          </reporter-output>
        </test-method> <!-- springTestContextAfterTestClass -->
      </class> <!-- com.cloudfoundry.tstracker.dao.TestAutowiredBean -->
    </test> <!-- Default test -->
  </suite> <!-- Default suite -->
</testng-results>
